<?xml version="1.0" encoding="UTF-8"?>
<!-- Generated by org.testng.reporters.JUnitReportReporter -->
<testsuite name="Testcases.Tests" tests="1" time="13.500" ignored="0" failures="0" timestamp="22 Dec 2016 09:02:49 GMT" skipped="0" hostname="Srirams-MacBook-Pro.local" errors="0">
  <testcase name="ExecuteTestcases" time="13.500" classname="Testcases.Tests"/>
</testsuite> <!-- Testcases.Tests -->
